module/moduleBluetooth/build/intermediates/manifest_merge_blame_file/release/manifest-merger-blame-release-report.txt
1<?xml version="1.0" encoding="utf-8"?>
2<manifest xmlns:android="http://schemas.android.com/apk/res/android"
3    package="com.example.bluetooth" >
4
5    <uses-sdk android:minSdkVersion="21" />
6
7    <uses-permission android:name="android.permission.BLUETOOTH" />
7-->src\main\AndroidManifest.xml:4:5-68
7-->src\main\AndroidManifest.xml:4:22-65
8    <uses-permission android:name="android.permission.BLUETOOTH_SCAN" />
8-->src\main\AndroidManifest.xml:5:5-73
8-->src\main\AndroidManifest.xml:5:22-70
9    <uses-permission android:name="android.permission.BLUETOOTH_ADMIN" />
9-->src\main\AndroidManifest.xml:6:5-74
9-->src\main\AndroidManifest.xml:6:22-71
10    <uses-permission android:name="android.permission.BLUETOOTH_CONNECT" />
10-->src\main\AndroidManifest.xml:7:5-76
10-->src\main\AndroidManifest.xml:7:22-73
11
12</manifest>